0 info it worked if it ends with ok
1 verbose cli [ '/usr/bin/node', '/usr/bin/npm', 'init' ]
2 info using npm@3.5.2
3 info using node@v8.10.0
4 verbose config Skipping project config: /home/aakash/.npmrc. (matches userconfig)
5 silly package data undefined
6 info init written successfully
7 verbose stack TypeError: Cannot read property 'replace' of undefined
7 verbose stack     at module.exports (/usr/share/npm/node_modules/validate-npm-package-license/node_modules/spdx-correct/index.js:211:27)
7 verbose stack     at module.exports (/usr/share/npm/node_modules/validate-npm-package-license/index.js:60:23)
7 verbose stack     at /usr/share/npm/node_modules/init-package-json/default-input.js:232:13
7 verbose stack     at PromZard.<anonymous> (/usr/share/npm/node_modules/init-package-json/node_modules/promzard/promzard.js:226:19)
7 verbose stack     at onError (/usr/share/npm/node_modules/read/lib/read.js:94:12)
7 verbose stack     at Interface.<anonymous> (/usr/share/npm/node_modules/read/lib/read.js:66:5)
7 verbose stack     at emitNone (events.js:106:13)
7 verbose stack     at Interface.emit (events.js:208:7)
7 verbose stack     at Interface._ttyWrite (readline.js:775:16)
7 verbose stack     at ReadStream.onkeypress (readline.js:160:10)
8 verbose cwd /home/aakash/git projects/neo4j
9 error Linux 4.15.0-55-generic
10 error argv "/usr/bin/node" "/usr/bin/npm" "init"
11 error node v8.10.0
12 error npm  v3.5.2
13 error Cannot read property 'replace' of undefined
14 error If you need help, you may report this error at:
14 error     <https://github.com/npm/npm/issues>
15 verbose exit [ 1, true ]
